<?xml version="1.0" encoding="UTF-8"?>
<!-- Generated by org.testng.reporters.JUnitReportReporter -->
<testsuite skipped="0" hostname="Raja-Laptop" name="com.playwaze.testrunner.WebTestrunner" tests="1" failures="0" timestamp="2021-09-02T16:43:13 IST" time="35.777" errors="0">
  <testcase name="feature" time="35.777" classname="com.playwaze.testrunner.WebTestrunner"/>
  <system-out/>
</testsuite> <!-- com.playwaze.testrunner.WebTestrunner -->
